proepview 11.1.0 - Build: parametric12000 21.1.0.0-QDMPSw x86e_win64
Copyright (C) 2000-2024 PTC Inc. All Rights Reserved.

Recipe file: C:/ptc/Creo 12.4.2.0/Common Files/text/prodview/export_pvs.rcp
Source file: C:/PTC/Local Cad/Kevin NC/Manufacturing/Manufacturing_Library/Fixture_Library/A_Main_Fixtures/Vise/fixture.asm.3
Output file: C:/Users/micha/AppData/Local/Temp/813m9n9m/small-vice.pvs
Processing fixture.asm : ...
Processing fixture_base<<fixture>>.prt : COMPLETE
Getting Mass Properties : COMPLETE
Processing fixture_pad<<fixture>>.prt : COMPLETE
Getting Mass Properties : COMPLETE
Processing fixture_clamp<<fixture>>.asm : ...
Processing fixture_clamp<<fixture>>.prt : COMPLETE
Getting Mass Properties : COMPLETE
Processing fixture_pad<<fixture>>.prt : COMPLETE
Getting Mass Properties : COMPLETE
Processing screw<<fixture>>.asm : ...
Processing fixture_screw<<fixture>>.prt : COMPLETE
Getting Mass Properties : COMPLETE
Processing handle<<fixture>>.prt : COMPLETE
Getting Mass Properties : COMPLETE
Processing cap<<fixture>>.prt : COMPLETE
Getting Mass Properties : COMPLETE
... screw<<fixture>>.asm : COMPLETE
... fixture_clamp<<fixture>>.asm : COMPLETE
... fixture.asm : COMPLETE
Generating Output : COMPLETE
